<?xml version="1.0" encoding="UTF-8"?>
<testsuites name="jest tests" tests="8" failures="8" errors="0" time="26.026">
  <testsuite name="tests\Integracion\personas.test.js" errors="0" failures="1" skipped="0" timestamp="2025-10-29T19:47:19" time="16.74" tests="1">
    <testcase classname="Pruebas de integración - Personas / ValidarSesion" name="Login correcto devuelve token" time="0.007">
      <failure>Error: thrown: &quot;Exceeded timeout of 5000 ms for a hook.
Add a timeout value to this test to increase the timeout, if this is a long-running test. See https://jestjs.io/docs/api#testname-fn-timeout.&quot;
    at beforeAll (C:\Users\marih\OneDrive\Documentos\GitHub\VotoSeguro-back\tests\Integracion\personas.test.js:14:3)
    at _dispatchDescribe (C:\Users\marih\OneDrive\Documentos\GitHub\VotoSeguro-back\node_modules\jest-circus\build\jestAdapterInit.js:604:26)
    at describe (C:\Users\marih\OneDrive\Documentos\GitHub\VotoSeguro-back\node_modules\jest-circus\build\jestAdapterInit.js:572:44)
    at Object.describe (C:\Users\marih\OneDrive\Documentos\GitHub\VotoSeguro-back\tests\Integracion\personas.test.js:10:1)
    at Runtime._execModule (C:\Users\marih\OneDrive\Documentos\GitHub\VotoSeguro-back\node_modules\jest-runtime\build\index.js:1268:24)
    at Runtime._loadModule (C:\Users\marih\OneDrive\Documentos\GitHub\VotoSeguro-back\node_modules\jest-runtime\build\index.js:944:12)
    at Runtime.requireModule (C:\Users\marih\OneDrive\Documentos\GitHub\VotoSeguro-back\node_modules\jest-runtime\build\index.js:832:12)
    at jestAdapter (C:\Users\marih\OneDrive\Documentos\GitHub\VotoSeguro-back\node_modules\jest-circus\build\runner.js:95:13)
    at runTestInternal (C:\Users\marih\OneDrive\Documentos\GitHub\VotoSeguro-back\node_modules\jest-runner\build\index.js:275:16)
    at runTest (C:\Users\marih\OneDrive\Documentos\GitHub\VotoSeguro-back\node_modules\jest-runner\build\index.js:343:7)</failure>
    </testcase>
  </testsuite>
  <testsuite name="tests\Integracion\elecciones_Candidatos.test.js" errors="0" failures="7" skipped="0" timestamp="2025-10-29T19:47:36" time="8.743" tests="7">
    <testcase classname="Pruebas de integración - Elecciones y Candidatos" name="Debe permitir agregar un candidato con perfil válido" time="0.002">
      <failure>Error: thrown: &quot;Exceeded timeout of 5000 ms for a hook.
Add a timeout value to this test to increase the timeout, if this is a long-running test. See https://jestjs.io/docs/api#testname-fn-timeout.&quot;
    at beforeAll (C:\Users\marih\OneDrive\Documentos\GitHub\VotoSeguro-back\tests\Integracion\elecciones_Candidatos.test.js:21:3)
    at _dispatchDescribe (C:\Users\marih\OneDrive\Documentos\GitHub\VotoSeguro-back\node_modules\jest-circus\build\jestAdapterInit.js:604:26)
    at describe (C:\Users\marih\OneDrive\Documentos\GitHub\VotoSeguro-back\node_modules\jest-circus\build\jestAdapterInit.js:572:44)
    at Object.describe (C:\Users\marih\OneDrive\Documentos\GitHub\VotoSeguro-back\tests\Integracion\elecciones_Candidatos.test.js:15:1)
    at Runtime._execModule (C:\Users\marih\OneDrive\Documentos\GitHub\VotoSeguro-back\node_modules\jest-runtime\build\index.js:1268:24)
    at Runtime._loadModule (C:\Users\marih\OneDrive\Documentos\GitHub\VotoSeguro-back\node_modules\jest-runtime\build\index.js:944:12)
    at Runtime.requireModule (C:\Users\marih\OneDrive\Documentos\GitHub\VotoSeguro-back\node_modules\jest-runtime\build\index.js:832:12)
    at jestAdapter (C:\Users\marih\OneDrive\Documentos\GitHub\VotoSeguro-back\node_modules\jest-circus\build\runner.js:95:13)
    at runTestInternal (C:\Users\marih\OneDrive\Documentos\GitHub\VotoSeguro-back\node_modules\jest-runner\build\index.js:275:16)
    at runTest (C:\Users\marih\OneDrive\Documentos\GitHub\VotoSeguro-back\node_modules\jest-runner\build\index.js:343:7)</failure>
    </testcase>
    <testcase classname="Pruebas de integración - Elecciones y Candidatos" name="Debe rechazar un candidato si el perfil no existe" time="0.002">
      <failure>Error: thrown: &quot;Exceeded timeout of 5000 ms for a hook.
Add a timeout value to this test to increase the timeout, if this is a long-running test. See https://jestjs.io/docs/api#testname-fn-timeout.&quot;
    at beforeAll (C:\Users\marih\OneDrive\Documentos\GitHub\VotoSeguro-back\tests\Integracion\elecciones_Candidatos.test.js:21:3)
    at _dispatchDescribe (C:\Users\marih\OneDrive\Documentos\GitHub\VotoSeguro-back\node_modules\jest-circus\build\jestAdapterInit.js:604:26)
    at describe (C:\Users\marih\OneDrive\Documentos\GitHub\VotoSeguro-back\node_modules\jest-circus\build\jestAdapterInit.js:572:44)
    at Object.describe (C:\Users\marih\OneDrive\Documentos\GitHub\VotoSeguro-back\tests\Integracion\elecciones_Candidatos.test.js:15:1)
    at Runtime._execModule (C:\Users\marih\OneDrive\Documentos\GitHub\VotoSeguro-back\node_modules\jest-runtime\build\index.js:1268:24)
    at Runtime._loadModule (C:\Users\marih\OneDrive\Documentos\GitHub\VotoSeguro-back\node_modules\jest-runtime\build\index.js:944:12)
    at Runtime.requireModule (C:\Users\marih\OneDrive\Documentos\GitHub\VotoSeguro-back\node_modules\jest-runtime\build\index.js:832:12)
    at jestAdapter (C:\Users\marih\OneDrive\Documentos\GitHub\VotoSeguro-back\node_modules\jest-circus\build\runner.js:95:13)
    at runTestInternal (C:\Users\marih\OneDrive\Documentos\GitHub\VotoSeguro-back\node_modules\jest-runner\build\index.js:275:16)
    at runTest (C:\Users\marih\OneDrive\Documentos\GitHub\VotoSeguro-back\node_modules\jest-runner\build\index.js:343:7)</failure>
    </testcase>
    <testcase classname="Pruebas de integración - Elecciones y Candidatos" name="Debe rechazar un candidato repetido" time="0.001">
      <failure>Error: thrown: &quot;Exceeded timeout of 5000 ms for a hook.
Add a timeout value to this test to increase the timeout, if this is a long-running test. See https://jestjs.io/docs/api#testname-fn-timeout.&quot;
    at beforeAll (C:\Users\marih\OneDrive\Documentos\GitHub\VotoSeguro-back\tests\Integracion\elecciones_Candidatos.test.js:21:3)
    at _dispatchDescribe (C:\Users\marih\OneDrive\Documentos\GitHub\VotoSeguro-back\node_modules\jest-circus\build\jestAdapterInit.js:604:26)
    at describe (C:\Users\marih\OneDrive\Documentos\GitHub\VotoSeguro-back\node_modules\jest-circus\build\jestAdapterInit.js:572:44)
    at Object.describe (C:\Users\marih\OneDrive\Documentos\GitHub\VotoSeguro-back\tests\Integracion\elecciones_Candidatos.test.js:15:1)
    at Runtime._execModule (C:\Users\marih\OneDrive\Documentos\GitHub\VotoSeguro-back\node_modules\jest-runtime\build\index.js:1268:24)
    at Runtime._loadModule (C:\Users\marih\OneDrive\Documentos\GitHub\VotoSeguro-back\node_modules\jest-runtime\build\index.js:944:12)
    at Runtime.requireModule (C:\Users\marih\OneDrive\Documentos\GitHub\VotoSeguro-back\node_modules\jest-runtime\build\index.js:832:12)
    at jestAdapter (C:\Users\marih\OneDrive\Documentos\GitHub\VotoSeguro-back\node_modules\jest-circus\build\runner.js:95:13)
    at runTestInternal (C:\Users\marih\OneDrive\Documentos\GitHub\VotoSeguro-back\node_modules\jest-runner\build\index.js:275:16)
    at runTest (C:\Users\marih\OneDrive\Documentos\GitHub\VotoSeguro-back\node_modules\jest-runner\build\index.js:343:7)</failure>
    </testcase>
    <testcase classname="Pruebas de integración - Elecciones y Candidatos" name="Debe agregar una elección correctamente" time="0">
      <failure>Error: thrown: &quot;Exceeded timeout of 5000 ms for a hook.
Add a timeout value to this test to increase the timeout, if this is a long-running test. See https://jestjs.io/docs/api#testname-fn-timeout.&quot;
    at beforeAll (C:\Users\marih\OneDrive\Documentos\GitHub\VotoSeguro-back\tests\Integracion\elecciones_Candidatos.test.js:21:3)
    at _dispatchDescribe (C:\Users\marih\OneDrive\Documentos\GitHub\VotoSeguro-back\node_modules\jest-circus\build\jestAdapterInit.js:604:26)
    at describe (C:\Users\marih\OneDrive\Documentos\GitHub\VotoSeguro-back\node_modules\jest-circus\build\jestAdapterInit.js:572:44)
    at Object.describe (C:\Users\marih\OneDrive\Documentos\GitHub\VotoSeguro-back\tests\Integracion\elecciones_Candidatos.test.js:15:1)
    at Runtime._execModule (C:\Users\marih\OneDrive\Documentos\GitHub\VotoSeguro-back\node_modules\jest-runtime\build\index.js:1268:24)
    at Runtime._loadModule (C:\Users\marih\OneDrive\Documentos\GitHub\VotoSeguro-back\node_modules\jest-runtime\build\index.js:944:12)
    at Runtime.requireModule (C:\Users\marih\OneDrive\Documentos\GitHub\VotoSeguro-back\node_modules\jest-runtime\build\index.js:832:12)
    at jestAdapter (C:\Users\marih\OneDrive\Documentos\GitHub\VotoSeguro-back\node_modules\jest-circus\build\runner.js:95:13)
    at runTestInternal (C:\Users\marih\OneDrive\Documentos\GitHub\VotoSeguro-back\node_modules\jest-runner\build\index.js:275:16)
    at runTest (C:\Users\marih\OneDrive\Documentos\GitHub\VotoSeguro-back\node_modules\jest-runner\build\index.js:343:7)</failure>
    </testcase>
    <testcase classname="Pruebas de integración - Elecciones y Candidatos" name="Debe abrir una elección correctamente" time="0.001">
      <failure>Error: thrown: &quot;Exceeded timeout of 5000 ms for a hook.
Add a timeout value to this test to increase the timeout, if this is a long-running test. See https://jestjs.io/docs/api#testname-fn-timeout.&quot;
    at beforeAll (C:\Users\marih\OneDrive\Documentos\GitHub\VotoSeguro-back\tests\Integracion\elecciones_Candidatos.test.js:21:3)
    at _dispatchDescribe (C:\Users\marih\OneDrive\Documentos\GitHub\VotoSeguro-back\node_modules\jest-circus\build\jestAdapterInit.js:604:26)
    at describe (C:\Users\marih\OneDrive\Documentos\GitHub\VotoSeguro-back\node_modules\jest-circus\build\jestAdapterInit.js:572:44)
    at Object.describe (C:\Users\marih\OneDrive\Documentos\GitHub\VotoSeguro-back\tests\Integracion\elecciones_Candidatos.test.js:15:1)
    at Runtime._execModule (C:\Users\marih\OneDrive\Documentos\GitHub\VotoSeguro-back\node_modules\jest-runtime\build\index.js:1268:24)
    at Runtime._loadModule (C:\Users\marih\OneDrive\Documentos\GitHub\VotoSeguro-back\node_modules\jest-runtime\build\index.js:944:12)
    at Runtime.requireModule (C:\Users\marih\OneDrive\Documentos\GitHub\VotoSeguro-back\node_modules\jest-runtime\build\index.js:832:12)
    at jestAdapter (C:\Users\marih\OneDrive\Documentos\GitHub\VotoSeguro-back\node_modules\jest-circus\build\runner.js:95:13)
    at runTestInternal (C:\Users\marih\OneDrive\Documentos\GitHub\VotoSeguro-back\node_modules\jest-runner\build\index.js:275:16)
    at runTest (C:\Users\marih\OneDrive\Documentos\GitHub\VotoSeguro-back\node_modules\jest-runner\build\index.js:343:7)</failure>
    </testcase>
    <testcase classname="Pruebas de integración - Elecciones y Candidatos" name="Debe aplicar votos correctamente" time="0.003">
      <failure>Error: thrown: &quot;Exceeded timeout of 5000 ms for a hook.
Add a timeout value to this test to increase the timeout, if this is a long-running test. See https://jestjs.io/docs/api#testname-fn-timeout.&quot;
    at beforeAll (C:\Users\marih\OneDrive\Documentos\GitHub\VotoSeguro-back\tests\Integracion\elecciones_Candidatos.test.js:21:3)
    at _dispatchDescribe (C:\Users\marih\OneDrive\Documentos\GitHub\VotoSeguro-back\node_modules\jest-circus\build\jestAdapterInit.js:604:26)
    at describe (C:\Users\marih\OneDrive\Documentos\GitHub\VotoSeguro-back\node_modules\jest-circus\build\jestAdapterInit.js:572:44)
    at Object.describe (C:\Users\marih\OneDrive\Documentos\GitHub\VotoSeguro-back\tests\Integracion\elecciones_Candidatos.test.js:15:1)
    at Runtime._execModule (C:\Users\marih\OneDrive\Documentos\GitHub\VotoSeguro-back\node_modules\jest-runtime\build\index.js:1268:24)
    at Runtime._loadModule (C:\Users\marih\OneDrive\Documentos\GitHub\VotoSeguro-back\node_modules\jest-runtime\build\index.js:944:12)
    at Runtime.requireModule (C:\Users\marih\OneDrive\Documentos\GitHub\VotoSeguro-back\node_modules\jest-runtime\build\index.js:832:12)
    at jestAdapter (C:\Users\marih\OneDrive\Documentos\GitHub\VotoSeguro-back\node_modules\jest-circus\build\runner.js:95:13)
    at runTestInternal (C:\Users\marih\OneDrive\Documentos\GitHub\VotoSeguro-back\node_modules\jest-runner\build\index.js:275:16)
    at runTest (C:\Users\marih\OneDrive\Documentos\GitHub\VotoSeguro-back\node_modules\jest-runner\build\index.js:343:7)</failure>
    </testcase>
    <testcase classname="Pruebas de integración - Elecciones y Candidatos" name="Debe abrir una elección correctamente" time="0">
      <failure>Error: thrown: &quot;Exceeded timeout of 5000 ms for a hook.
Add a timeout value to this test to increase the timeout, if this is a long-running test. See https://jestjs.io/docs/api#testname-fn-timeout.&quot;
    at beforeAll (C:\Users\marih\OneDrive\Documentos\GitHub\VotoSeguro-back\tests\Integracion\elecciones_Candidatos.test.js:21:3)
    at _dispatchDescribe (C:\Users\marih\OneDrive\Documentos\GitHub\VotoSeguro-back\node_modules\jest-circus\build\jestAdapterInit.js:604:26)
    at describe (C:\Users\marih\OneDrive\Documentos\GitHub\VotoSeguro-back\node_modules\jest-circus\build\jestAdapterInit.js:572:44)
    at Object.describe (C:\Users\marih\OneDrive\Documentos\GitHub\VotoSeguro-back\tests\Integracion\elecciones_Candidatos.test.js:15:1)
    at Runtime._execModule (C:\Users\marih\OneDrive\Documentos\GitHub\VotoSeguro-back\node_modules\jest-runtime\build\index.js:1268:24)
    at Runtime._loadModule (C:\Users\marih\OneDrive\Documentos\GitHub\VotoSeguro-back\node_modules\jest-runtime\build\index.js:944:12)
    at Runtime.requireModule (C:\Users\marih\OneDrive\Documentos\GitHub\VotoSeguro-back\node_modules\jest-runtime\build\index.js:832:12)
    at jestAdapter (C:\Users\marih\OneDrive\Documentos\GitHub\VotoSeguro-back\node_modules\jest-circus\build\runner.js:95:13)
    at runTestInternal (C:\Users\marih\OneDrive\Documentos\GitHub\VotoSeguro-back\node_modules\jest-runner\build\index.js:275:16)
    at runTest (C:\Users\marih\OneDrive\Documentos\GitHub\VotoSeguro-back\node_modules\jest-runner\build\index.js:343:7)</failure>
    </testcase>
    <testcase classname="" name="Test execution failure: could be caused by test hooks like &apos;afterAll&apos;." time="0">
      <failure>{&quot;message&quot;:&quot;&quot;,&quot;stack&quot;:&quot;Right-hand side of &apos;instanceof&apos; is not callable\nRight-hand side of &apos;instanceof&apos; is not callable\nRight-hand side of &apos;instanceof&apos; is not callable&quot;}</failure>
    </testcase>
  </testsuite>
</testsuites>