<?xml version="1.0" encoding="UTF-8"?>
<testsuites name="jest tests" tests="8" failures="8" errors="0" time="12.187">
  <testsuite name="Pruebas de integración - Elecciones y Candidatos" errors="0" failures="7" skipped="0" timestamp="2025-10-29T19:39:28" time="9.033" tests="7">
    <testcase classname="Pruebas de integración - Elecciones y Candidatos Debe permitir agregar un candidato con perfil válido" name="Pruebas de integración - Elecciones y Candidatos Debe permitir agregar un candidato con perfil válido" time="0.004">
      <failure>Error: Could not find a working container runtime strategy
    at getContainerRuntimeClient (/app/node_modules/testcontainers/src/container-runtime/clients/client.ts:63:9)
    at processTicksAndRejections (node:internal/process/task_queues:95:5)
    at GenericContainer.start (/app/node_modules/testcontainers/src/generic-container/generic-container.ts:87:20)
    at Object.&lt;anonymous&gt; (/app/tests/Integracion/elecciones_Candidatos.test.js:27:17)</failure>
    </testcase>
    <testcase classname="Pruebas de integración - Elecciones y Candidatos Debe rechazar un candidato si el perfil no existe" name="Pruebas de integración - Elecciones y Candidatos Debe rechazar un candidato si el perfil no existe" time="0.001">
      <failure>Error: Could not find a working container runtime strategy
    at getContainerRuntimeClient (/app/node_modules/testcontainers/src/container-runtime/clients/client.ts:63:9)
    at processTicksAndRejections (node:internal/process/task_queues:95:5)
    at GenericContainer.start (/app/node_modules/testcontainers/src/generic-container/generic-container.ts:87:20)
    at Object.&lt;anonymous&gt; (/app/tests/Integracion/elecciones_Candidatos.test.js:27:17)</failure>
    </testcase>
    <testcase classname="Pruebas de integración - Elecciones y Candidatos Debe rechazar un candidato repetido" name="Pruebas de integración - Elecciones y Candidatos Debe rechazar un candidato repetido" time="0.001">
      <failure>Error: Could not find a working container runtime strategy
    at getContainerRuntimeClient (/app/node_modules/testcontainers/src/container-runtime/clients/client.ts:63:9)
    at processTicksAndRejections (node:internal/process/task_queues:95:5)
    at GenericContainer.start (/app/node_modules/testcontainers/src/generic-container/generic-container.ts:87:20)
    at Object.&lt;anonymous&gt; (/app/tests/Integracion/elecciones_Candidatos.test.js:27:17)</failure>
    </testcase>
    <testcase classname="Pruebas de integración - Elecciones y Candidatos Debe agregar una elección correctamente" name="Pruebas de integración - Elecciones y Candidatos Debe agregar una elección correctamente" time="0.001">
      <failure>Error: Could not find a working container runtime strategy
    at getContainerRuntimeClient (/app/node_modules/testcontainers/src/container-runtime/clients/client.ts:63:9)
    at processTicksAndRejections (node:internal/process/task_queues:95:5)
    at GenericContainer.start (/app/node_modules/testcontainers/src/generic-container/generic-container.ts:87:20)
    at Object.&lt;anonymous&gt; (/app/tests/Integracion/elecciones_Candidatos.test.js:27:17)</failure>
    </testcase>
    <testcase classname="Pruebas de integración - Elecciones y Candidatos Debe abrir una elección correctamente" name="Pruebas de integración - Elecciones y Candidatos Debe abrir una elección correctamente" time="0">
      <failure>Error: Could not find a working container runtime strategy
    at getContainerRuntimeClient (/app/node_modules/testcontainers/src/container-runtime/clients/client.ts:63:9)
    at processTicksAndRejections (node:internal/process/task_queues:95:5)
    at GenericContainer.start (/app/node_modules/testcontainers/src/generic-container/generic-container.ts:87:20)
    at Object.&lt;anonymous&gt; (/app/tests/Integracion/elecciones_Candidatos.test.js:27:17)</failure>
    </testcase>
    <testcase classname="Pruebas de integración - Elecciones y Candidatos Debe aplicar votos correctamente" name="Pruebas de integración - Elecciones y Candidatos Debe aplicar votos correctamente" time="0.001">
      <failure>Error: Could not find a working container runtime strategy
    at getContainerRuntimeClient (/app/node_modules/testcontainers/src/container-runtime/clients/client.ts:63:9)
    at processTicksAndRejections (node:internal/process/task_queues:95:5)
    at GenericContainer.start (/app/node_modules/testcontainers/src/generic-container/generic-container.ts:87:20)
    at Object.&lt;anonymous&gt; (/app/tests/Integracion/elecciones_Candidatos.test.js:27:17)</failure>
    </testcase>
    <testcase classname="Pruebas de integración - Elecciones y Candidatos Debe abrir una elección correctamente" name="Pruebas de integración - Elecciones y Candidatos Debe abrir una elección correctamente" time="0.001">
      <failure>Error: Could not find a working container runtime strategy
    at getContainerRuntimeClient (/app/node_modules/testcontainers/src/container-runtime/clients/client.ts:63:9)
    at processTicksAndRejections (node:internal/process/task_queues:95:5)
    at GenericContainer.start (/app/node_modules/testcontainers/src/generic-container/generic-container.ts:87:20)
    at Object.&lt;anonymous&gt; (/app/tests/Integracion/elecciones_Candidatos.test.js:27:17)</failure>
    </testcase>
  </testsuite>
  <testsuite name="Pruebas de integración - Personas / ValidarSesion" errors="0" failures="1" skipped="0" timestamp="2025-10-29T19:39:37" time="2.843" tests="1">
    <testcase classname="Pruebas de integración - Personas / ValidarSesion Login correcto devuelve token" name="Pruebas de integración - Personas / ValidarSesion Login correcto devuelve token" time="0.008">
      <failure>TypeError: Cannot read properties of undefined (reading &apos;address&apos;)
    at Test.serverAddress (/app/node_modules/supertest/lib/test.js:61:22)
    at new Test (/app/node_modules/supertest/lib/test.js:49:14)
    at Object.obj.&lt;computed&gt; [as post] (/app/node_modules/supertest/index.js:39:18)
    at Object.post (/app/tests/Integracion/personas.test.js:53:8)
    at Promise.finally.completed (/app/node_modules/jest-circus/build/jestAdapterInit.js:1557:28)
    at new Promise (&lt;anonymous&gt;)
    at callAsyncCircusFn (/app/node_modules/jest-circus/build/jestAdapterInit.js:1497:10)
    at _callCircusTest (/app/node_modules/jest-circus/build/jestAdapterInit.js:1007:40)
    at processTicksAndRejections (node:internal/process/task_queues:95:5)
    at _runTest (/app/node_modules/jest-circus/build/jestAdapterInit.js:947:3)
    at /app/node_modules/jest-circus/build/jestAdapterInit.js:849:7
    at _runTestsForDescribeBlock (/app/node_modules/jest-circus/build/jestAdapterInit.js:862:11)
    at _runTestsForDescribeBlock (/app/node_modules/jest-circus/build/jestAdapterInit.js:857:11)
    at run (/app/node_modules/jest-circus/build/jestAdapterInit.js:761:3)
    at runAndTransformResultsToJestFormat (/app/node_modules/jest-circus/build/jestAdapterInit.js:1918:21)
    at jestAdapter (/app/node_modules/jest-circus/build/runner.js:101:19)
    at runTestInternal (/app/node_modules/jest-runner/build/index.js:275:16)
    at runTest (/app/node_modules/jest-runner/build/index.js:343:7)</failure>
    </testcase>
  </testsuite>
</testsuites>